<?xml version="1.0" encoding="UTF-8" ?>
<testsuite tests="1" failures="0" name="storm.autoscale.scheduler.UtilFunctionsTest" time="0" errors="0" skipped="0">
  <properties>
    <property name="java.runtime.name" value="Java(TM) SE Runtime Environment"/>
    <property name="sun.boot.library.path" value="C:\Java8\jre\bin"/>
    <property name="java.vm.version" value="25.92-b14"/>
    <property name="java.vm.vendor" value="Oracle Corporation"/>
    <property name="java.vendor.url" value="http://java.oracle.com/"/>
    <property name="path.separator" value=";"/>
    <property name="guice.disable.misplaced.annotation.check" value="true"/>
    <property name="java.vm.name" value="Java HotSpot(TM) 64-Bit Server VM"/>
    <property name="file.encoding.pkg" value="sun.io"/>
    <property name="user.script" value=""/>
    <property name="user.country" value="FR"/>
    <property name="sun.java.launcher" value="SUN_STANDARD"/>
    <property name="sun.os.patch.level" value=""/>
    <property name="java.vm.specification.name" value="Java Virtual Machine Specification"/>
    <property name="user.dir" value="C:\These\D2\Depots\storm-scheduler"/>
    <property name="java.runtime.version" value="1.8.0_92-b14"/>
    <property name="java.awt.graphicsenv" value="sun.awt.Win32GraphicsEnvironment"/>
    <property name="java.endorsed.dirs" value="C:\Java8\jre\lib\endorsed"/>
    <property name="os.arch" value="amd64"/>
    <property name="java.io.tmpdir" value="C:\Users\ROLAND~1\AppData\Local\Temp\"/>
    <property name="line.separator" value="
"/>
    <property name="java.vm.specification.vendor" value="Oracle Corporation"/>
    <property name="user.variant" value=""/>
    <property name="os.name" value="Windows 7"/>
    <property name="classworlds.conf" value="C:\Cours\M1\SPL\apache-maven-3.0.5\bin\m2.conf"/>
    <property name="sun.jnu.encoding" value="Cp1252"/>
    <property name="java.library.path" value="C:\Java8\bin;C:\Windows\Sun\Java\bin;C:\Windows\system32;C:\Windows;C:\ProgramData\Oracle\Java\javapath;C:\Program Files (x86)\OpenMPI_v1.6.2-x64\bin\;C:\MinGW\bin\;C:\Java8\bin;C:\Program Files\Common Files\Microsoft Shared\Windows Live;C:\Program Files (x86)\Common Files\Microsoft Shared\Windows Live;C:\Windows\system32;C:\Windows;C:\Windows\System32\Wbem;C:\Windows\System32\WindowsPowerShell\v1.0\;c:\Program Files (x86)\Common Files\Ulead Systems\MPEG;C:\Program Files (x86)\ATI Technologies\ATI.ACE\Core-Static;C:\Program Files\Broadcom\Broadcom 802.11\Driver;C:\Program Files\WIDCOMM\Bluetooth Software\;C:\Program Files\WIDCOMM\Bluetooth Software\syswow64;C:\Program Files (x86)\Windows Live\Shared;C:\Program Files (x86)\Common Files\Roxio Shared\DLLShared\;C:\Program Files (x86)\Common Files\Roxio Shared\9.0\DLLShared\;c:\Program Files (x86)\Microsoft SQL Server\90\Tools\binn\;C:\Program Files (x86)\Mozilla Firefox;C:\Program Files (x86)\Microsoft Visual Studio 10.0\VC\bin\;C:\Program Files (x86)\Microsoft Visual Studio 10.0\Common7\IDE;C:\Program Files (x86)\OpenMPI_v1.6.2-x64\include\;C:\Cours\M1\Form AFT\NuSMV\2.5.4\bin\;C:\Program Files\nodejs\;C:\Program Files (x86)\IBM\ILOG\CPLEX_Studio125\opl\bin\x86_win32;C:\Program Files (x86)\IBM\ILOG\CPLEX_Studio125\opl\oplide\;C:\Program Files (x86)\IBM\ILOG\CPLEX_Studio125\cplex\bin\x86_win32;C:\Program Files (x86)\IBM\ILOG\CPLEX_Studio125\cpoptimizer\bin\x86_win32;C:\Cours\M1\SPL\apache-maven-3.0.5\bin;C:\Program Files\TortoiseHg\;C:\Program Files (x86)\MiKTeX 2.9\miktex\bin\;C:\These\D1\Programmes\ProtocolBuffer 2.5.0\;C:\Program Files\Microsoft SDKs\Windows\v7.0\Bin\;C:\Windows\Microsoft.NET\Framework64\v4.0.30319\;C:\cygwin64\bin\;C:\Program Files\TortoiseSVN\bin;C:\Program Files\TortoiseGit\bin;C:\Program Files (x86)\Windows Kits\8.0\Windows Performance Toolkit\;C:\Program Files (x86)\Git\cmd;C:\Program Files (x86)\CMake 2.8\bin\;C:\cygwin64\bin;C:\These\D2\Programmes\Storm\apache-storm-0.10.0\bin;C:\These\D2\Programmes\Apache Zookeeper\zookeeper-3.4.6\bin;C:\Program Files (x86)\Microsoft Visual Studio 10.0\VC\bin\;C:\Python27;C:\Python27\Scripts;C:\Program Files (x86)\OpenMPI_v1.6.2-x64\bin\;C:\Cours\M1\GÃ©nie Logiciel\apache-ant-1.8.4\bin\;C:\MinGW\bin\;C:\Program Files (x86)\Microsoft Visual Studio 10.0\Common7\IDE\;C:\Cours\M1\Form AFT\NuSMV\2.5.4\bin;C:\Users\Roland le Divin\AppData\Roaming\npm;C:\Cours\M1\ProgRep;C:\Cours\M1\SPL\apache-maven-3.0.5\bin;."/>
    <property name="java.specification.name" value="Java Platform API Specification"/>
    <property name="java.class.version" value="52.0"/>
    <property name="sun.management.compiler" value="HotSpot 64-Bit Tiered Compilers"/>
    <property name="os.version" value="6.1"/>
    <property name="user.home" value="C:\Users\Roland le Divin"/>
    <property name="user.timezone" value="Europe/Paris"/>
    <property name="java.awt.printerjob" value="sun.awt.windows.WPrinterJob"/>
    <property name="java.specification.version" value="1.8"/>
    <property name="file.encoding" value="Cp1252"/>
    <property name="user.name" value="Roland le Divin"/>
    <property name="java.class.path" value="C:\Cours\M1\SPL\apache-maven-3.0.5\boot\plexus-classworlds-2.4.jar"/>
    <property name="java.vm.specification.version" value="1.8"/>
    <property name="sun.arch.data.model" value="64"/>
    <property name="java.home" value="C:\Java8\jre"/>
    <property name="sun.java.command" value="org.codehaus.plexus.classworlds.launcher.Launcher assembly:assembly"/>
    <property name="java.specification.vendor" value="Oracle Corporation"/>
    <property name="user.language" value="fr"/>
    <property name="awt.toolkit" value="sun.awt.windows.WToolkit"/>
    <property name="java.vm.info" value="mixed mode"/>
    <property name="java.version" value="1.8.0_92"/>
    <property name="java.ext.dirs" value="C:\Java8\jre\lib\ext;C:\Windows\Sun\Java\lib\ext"/>
    <property name="sun.boot.class.path" value="C:\Java8\jre\lib\resources.jar;C:\Java8\jre\lib\rt.jar;C:\Java8\jre\lib\sunrsasign.jar;C:\Java8\jre\lib\jsse.jar;C:\Java8\jre\lib\jce.jar;C:\Java8\jre\lib\charsets.jar;C:\Java8\jre\lib\jfr.jar;C:\Java8\jre\classes"/>
    <property name="sun.stderr.encoding" value="cp850"/>
    <property name="java.vendor" value="Oracle Corporation"/>
    <property name="maven.home" value="C:\Cours\M1\SPL\apache-maven-3.0.5"/>
    <property name="file.separator" value="\"/>
    <property name="java.vendor.url.bug" value="http://bugreport.sun.com/bugreport/"/>
    <property name="sun.cpu.endian" value="little"/>
    <property name="sun.io.unicode.encoding" value="UnicodeLittle"/>
    <property name="sun.stdout.encoding" value="cp850"/>
    <property name="sun.desktop" value="windows"/>
    <property name="sun.cpu.isalist" value="amd64"/>
  </properties>
  <testcase classname="storm.autoscale.scheduler.UtilFunctionsTest" name="testGetBuckets" time="0"/>
</testsuite>